# JRE version: OpenJDK Runtime Environment (8.0_152-b01) (build 1.8.0_152-release-1024-b01)
# Java VM: OpenJDK 64-Bit Server VM (25.152-b01 mixed mode bsd-amd64 compressed oops)
Heap:
 PSYoungGen      total 272896K, used 10569K [0x00000007aab00000, 0x00000007c0000000, 0x00000007c0000000)
  eden space 262144K, 0% used [0x00000007aab00000,0x00000007aab00000,0x00000007bab00000)
  from space 10752K, 98% used [0x00000007bab00000,0x00000007bb552578,0x00000007bb580000)
  to   space 15872K, 0% used [0x00000007bf080000,0x00000007bf080000,0x00000007c0000000)
 ParOldGen       total 96768K, used 10851K [0x0000000780000000, 0x0000000785e80000, 0x00000007aab00000)
  object space 96768K, 11% used [0x0000000780000000,0x0000000780a98d38,0x0000000785e80000)
 Metaspace       used 34461K, capacity 35286K, committed 35456K, reserved 1079296K
  class space    used 4676K, capacity 4928K, committed 4992K, reserved 1048576K
GC Heap History (10 events):
Event: 2.615 GC heap after
Heap after GC invocations=2 (full 0):
 PSYoungGen      total 141824K, used 10737K [0x00000007aab00000, 0x00000007b4000000, 0x00000007c0000000)
  eden space 131072K, 0% used [0x00000007aab00000,0x00000007aab00000,0x00000007b2b00000)
  from space 10752K, 99% used [0x00000007b3580000,0x00000007b3ffc6f0,0x00000007b4000000)
  to   space 10752K, 0% used [0x00000007b2b00000,0x00000007b2b00000,0x00000007b3580000)
 ParOldGen       total 175104K, used 1251K [0x0000000780000000, 0x000000078ab00000, 0x00000007aab00000)
  object space 175104K, 0% used [0x0000000780000000,0x0000000780138d50,0x000000078ab00000)
 Metaspace       used 19624K, capacity 20072K, committed 20352K, reserved 1067008K
  class space    used 2700K, capacity 2851K, committed 2944K, reserved 1048576K
}
Event: 2.743 GC heap before
{Heap before GC invocations=3 (full 0):
 PSYoungGen      total 141824K, used 20414K [0x00000007aab00000, 0x00000007b4000000, 0x00000007c0000000)
  eden space 131072K, 7% used [0x00000007aab00000,0x00000007ab4734c0,0x00000007b2b00000)
  from space 10752K, 99% used [0x00000007b3580000,0x00000007b3ffc6f0,0x00000007b4000000)
  to   space 10752K, 0% used [0x00000007b2b00000,0x00000007b2b00000,0x00000007b3580000)
 ParOldGen       total 175104K, used 1251K [0x0000000780000000, 0x000000078ab00000, 0x00000007aab00000)
  object space 175104K, 0% used [0x0000000780000000,0x0000000780138d50,0x000000078ab00000)
 Metaspace       used 20823K, capacity 21178K, committed 21296K, reserved 1067008K
  class space    used 2775K, capacity 2921K, committed 2944K, reserved 1048576K
Event: 2.751 GC heap after
Heap after GC invocations=3 (full 0):
 PSYoungGen      total 141824K, used 7138K [0x00000007aab00000, 0x00000007bc000000, 0x00000007c0000000)
  eden space 131072K, 0% used [0x00000007aab00000,0x00000007aab00000,0x00000007b2b00000)
  from space 10752K, 66% used [0x00000007b2b00000,0x00000007b31f8ad0,0x00000007b3580000)
  to   space 10752K, 0% used [0x00000007bb580000,0x00000007bb580000,0x00000007bc000000)
 ParOldGen       total 175104K, used 1259K [0x0000000780000000, 0x000000078ab00000, 0x00000007aab00000)
  object space 175104K, 0% used [0x0000000780000000,0x000000078013ad50,0x000000078ab00000)
 Metaspace       used 20823K, capacity 21178K, committed 21296K, reserved 1067008K
  class space    used 2775K, capacity 2921K, committed 2944K, reserved 1048576K
}
Event: 2.751 GC heap before
{Heap before GC invocations=4 (full 1):
 PSYoungGen      total 141824K, used 7138K [0x00000007aab00000, 0x00000007bc000000, 0x00000007c0000000)
  eden space 131072K, 0% used [0x00000007aab00000,0x00000007aab00000,0x00000007b2b00000)
  from space 10752K, 66% used [0x00000007b2b00000,0x00000007b31f8ad0,0x00000007b3580000)
  to   space 10752K, 0% used [0x00000007bb580000,0x00000007bb580000,0x00000007bc000000)
 ParOldGen       total 175104K, used 1259K [0x0000000780000000, 0x000000078ab00000, 0x00000007aab00000)
  object space 175104K, 0% used [0x0000000780000000,0x000000078013ad50,0x000000078ab00000)
 Metaspace       used 20823K, capacity 21178K, committed 21296K, reserved 1067008K
  class space    used 2775K, capacity 2921K, committed 2944K, reserved 1048576K
Event: 2.789 GC heap after
Heap after GC invocations=4 (full 1):
 PSYoungGen      total 141824K, used 0K [0x00000007aab00000, 0x00000007bc000000, 0x00000007c0000000)
  eden space 131072K, 0% used [0x00000007aab00000,0x00000007aab00000,0x00000007b2b00000)
  from space 10752K, 0% used [0x00000007b2b00000,0x00000007b2b00000,0x00000007b3580000)
  to   space 10752K, 0% used [0x00000007bb580000,0x00000007bb580000,0x00000007bc000000)
 ParOldGen       total 96768K, used 7017K [0x0000000780000000, 0x0000000785e80000, 0x00000007aab00000)
  object space 96768K, 7% used [0x0000000780000000,0x00000007806da5f8,0x0000000785e80000)
 Metaspace       used 20823K, capacity 21178K, committed 21296K, reserved 1067008K
  class space    used 2775K, capacity 2921K, committed 2944K, reserved 1048576K
}
Event: 4.870 GC heap before
{Heap before GC invocations=5 (full 1):
 PSYoungGen      total 141824K, used 131072K [0x00000007aab00000, 0x00000007bc000000, 0x00000007c0000000)
  eden space 131072K, 100% used [0x00000007aab00000,0x00000007b2b00000,0x00000007b2b00000)
  from space 10752K, 0% used [0x00000007b2b00000,0x00000007b2b00000,0x00000007b3580000)
  to   space 10752K, 0% used [0x00000007bb580000,0x00000007bb580000,0x00000007bc000000)
 ParOldGen       total 96768K, used 7017K [0x0000000780000000, 0x0000000785e80000, 0x00000007aab00000)
  object space 96768K, 7% used [0x0000000780000000,0x00000007806da5f8,0x0000000785e80000)
 Metaspace       used 30910K, capacity 31800K, committed 32000K, reserved 1077248K
  class space    used 4240K, capacity 4492K, committed 4608K, reserved 1048576K
Event: 4.887 GC heap after
Heap after GC invocations=5 (full 1):
 PSYoungGen      total 222720K, used 10730K [0x00000007aab00000, 0x00000007bc000000, 0x00000007c0000000)
  eden space 211968K, 0% used [0x00000007aab00000,0x00000007aab00000,0x00000007b7a00000)
  from space 10752K, 99% used [0x00000007bb580000,0x00000007bbffa930,0x00000007bc000000)
  to   space 10752K, 0% used [0x00000007bab00000,0x00000007bab00000,0x00000007bb580000)
 ParOldGen       total 96768K, used 10843K [0x0000000780000000, 0x0000000785e80000, 0x00000007aab00000)
  object space 96768K, 11% used [0x0000000780000000,0x0000000780a96d38,0x0000000785e80000)
 Metaspace       used 30910K, capacity 31800K, committed 32000K, reserved 1077248K
  class space    used 4240K, capacity 4492K, committed 4608K, reserved 1048576K
}
Event: 5.485 GC heap before
{Heap before GC invocations=6 (full 1):
 PSYoungGen      total 222720K, used 65945K [0x00000007aab00000, 0x00000007bc000000, 0x00000007c0000000)
  eden space 211968K, 26% used [0x00000007aab00000,0x00000007ae0ebdd0,0x00000007b7a00000)
  from space 10752K, 99% used [0x00000007bb580000,0x00000007bbffa930,0x00000007bc000000)
  to   space 10752K, 0% used [0x00000007bab00000,0x00000007bab00000,0x00000007bb580000)
 ParOldGen       total 96768K, used 10843K [0x0000000780000000, 0x0000000785e80000, 0x00000007aab00000)
  object space 96768K, 11% used [0x0000000780000000,0x0000000780a96d38,0x0000000785e80000)
 Metaspace       used 34461K, capacity 35286K, committed 35456K, reserved 1079296K
  class space    used 4676K, capacity 4928K, committed 4992K, reserved 1048576K
Event: 5.498 GC heap after
Heap after GC invocations=6 (full 1):
 PSYoungGen      total 272896K, used 10569K [0x00000007aab00000, 0x00000007c0000000, 0x00000007c0000000)
  eden space 262144K, 0% used [0x00000007aab00000,0x00000007aab00000,0x00000007bab00000)
  from space 10752K, 98% used [0x00000007bab00000,0x00000007bb552578,0x00000007bb580000)
  to   space 15872K, 0% used [0x00000007bf080000,0x00000007bf080000,0x00000007c0000000)
 ParOldGen       total 96768K, used 10851K [0x0000000780000000, 0x0000000785e80000, 0x00000007aab00000)
  object space 96768K, 11% used [0x0000000780000000,0x0000000780a98d38,0x0000000785e80000)
 Metaspace       used 34461K, capacity 35286K, committed 35456K, reserved 1079296K
  class space    used 4676K, capacity 4928K, committed 4992K, reserved 1048576K
}
Event: 5.498 GC heap before
{Heap before GC invocations=7 (full 2):
 PSYoungGen      total 272896K, used 10569K [0x00000007aab00000, 0x00000007c0000000, 0x00000007c0000000)
  eden space 262144K, 0% used [0x00000007aab00000,0x00000007aab00000,0x00000007bab00000)
  from space 10752K, 98% used [0x00000007bab00000,0x00000007bb552578,0x00000007bb580000)
  to   space 15872K, 0% used [0x00000007bf080000,0x00000007bf080000,0x00000007c0000000)
 ParOldGen       total 96768K, used 10851K [0x0000000780000000, 0x0000000785e80000, 0x00000007aab00000)
  object space 96768K, 11% used [0x0000000780000000,0x0000000780a98d38,0x0000000785e80000)
 Metaspace       used 34461K, capacity 35286K, committed 35456K, reserved 1079296K
  class space    used 4676K, capacity 4928K, committed 4992K, reserved 1048576K

